{
  "RSpec": {
    "coverage": {
      "/Users/evansagge/Projects/my-projects/support-hero-api/config/environment.rb": [
        null,
        1,
        null,
        null,
        1
      ],
      "/Users/evansagge/Projects/my-projects/support-hero-api/config/application.rb": [
        1,
        null,
        null,
        1,
        1,
        1,
        1,
        1,
        1,
        null,
        null,
        null,
        null,
        1,
        null,
        1,
        1,
        1,
        1,
        1,
        1,
        null,
        null,
        null,
        null,
        null,
        null,
        null,
        null,
        null,
        null,
        1,
        1,
        null,
        null,
        null
      ],
      "/Users/evansagge/Projects/my-projects/support-hero-api/config/boot.rb": [
        null,
        1,
        null,
        1
      ],
      "/Users/evansagge/Projects/my-projects/support-hero-api/config/environments/test.rb": [
        1,
        null,
        null,
        null,
        null,
        null,
        null,
        1,
        null,
        null,
        null,
        null,
        1,
        null,
        null,
        1,
        1,
        null,
        null,
        1,
        1,
        null,
        null,
        1,
        null,
        null,
        1,
        null,
        null,
        null,
        null,
        1,
        null,
        null,
        1,
        null,
        null,
        null,
        null
      ],
      "/Users/evansagge/Projects/my-projects/support-hero-api/config/initializers/active_model_serializer.rb": [
        1,
        1,
        1,
        null
      ],
      "/Users/evansagge/Projects/my-projects/support-hero-api/config/initializers/inflections.rb": [
        1,
        1,
        1,
        null
      ],
      "/Users/evansagge/Projects/my-projects/support-hero-api/config/initializers/secret_token.rb": [
        null,
        null,
        null,
        null,
        null,
        null,
        null,
        null,
        null,
        null,
        null,
        null,
        null,
        null,
        null,
        null,
        null,
        null,
        1,
        null
      ],
      "/Users/evansagge/Projects/my-projects/support-hero-api/config/initializers/wrap_parameters.rb": [
        null,
        null,
        null,
        null,
        null,
        null,
        null,
        null,
        null,
        null,
        null,
        null,
        null
      ],
      "/Users/evansagge/Projects/my-projects/support-hero-api/config/routes.rb": [
        1,
        1,
        1,
        1,
        null,
        null
      ],
      "/Users/evansagge/Projects/my-projects/support-hero-api/app/controllers/v1/support_schedules_controller.rb": [
        1,
        1,
        1,
        8,
        8,
        null,
        8,
        null,
        null,
        1,
        3,
        3,
        3,
        null,
        null,
        1,
        null,
        1,
        8,
        3,
        null,
        null,
        1,
        8,
        null,
        null,
        1,
        6,
        null,
        null,
        null
      ],
      "/Users/evansagge/Projects/my-projects/support-hero-api/app/controllers/application_controller.rb": [
        1,
        1,
        null
      ],
      "/Users/evansagge/Projects/my-projects/support-hero-api/spec/controllers/v1/users_controller_spec.rb": [
        1,
        null,
        1,
        1,
        3,
        null,
        3,
        null,
        1,
        1,
        null,
        null,
        1,
        1,
        1,
        3,
        3,
        null,
        null,
        null,
        null,
        1,
        3,
        null,
        3,
        null,
        1,
        1,
        null,
        null,
        1,
        1,
        1,
        null,
        null,
        null
      ],
      "/Users/evansagge/Projects/my-projects/support-hero-api/app/controllers/v1/users_controller.rb": [
        1,
        1,
        1,
        2,
        2,
        null,
        null,
        1,
        2,
        null,
        null,
        1,
        null,
        1,
        2,
        null,
        null,
        null
      ],
      "/Users/evansagge/Projects/my-projects/support-hero-api/spec/models/support_order_spec.rb": [
        1,
        null,
        1,
        1,
        null
      ],
      "/Users/evansagge/Projects/my-projects/support-hero-api/app/models/support_order.rb": [
        null,
        null,
        null,
        null,
        null,
        null,
        null,
        null,
        null,
        null,
        null,
        null,
        null,
        null,
        null,
        null,
        null,
        null,
        null,
        1,
        11,
        1,
        null
      ],
      "/Users/evansagge/Projects/my-projects/support-hero-api/spec/models/support_order_user_spec.rb": [
        1,
        null,
        1,
        1,
        null
      ],
      "/Users/evansagge/Projects/my-projects/support-hero-api/app/models/support_order_user.rb": [
        null,
        null,
        null,
        null,
        null,
        null,
        null,
        null,
        null,
        null,
        null,
        null,
        null,
        null,
        null,
        null,
        null,
        null,
        null,
        null,
        1,
        1,
        1,
        null,
        1,
        null
      ],
      "/Users/evansagge/Projects/my-projects/support-hero-api/spec/models/support_schedule_spec.rb": [
        1,
        null,
        1,
        1,
        null
      ],
      "/Users/evansagge/Projects/my-projects/support-hero-api/app/models/support_schedule.rb": [
        1,
        1,
        1,
        null,
        1,
        null
      ],
      "/Users/evansagge/Projects/my-projects/support-hero-api/spec/models/user_spec.rb": [
        1,
        null,
        1,
        1,
        null
      ],
      "/Users/evansagge/Projects/my-projects/support-hero-api/app/models/user.rb": [
        null,
        null,
        null,
        null,
        null,
        null,
        null,
        null,
        null,
        null,
        null,
        null,
        null,
        null,
        null,
        null,
        null,
        null,
        null,
        null,
        1,
        1,
        null
      ],
      "/Users/evansagge/Projects/my-projects/support-hero-api/spec/routing/support_schedules_routes_spec.rb": [
        1,
        null,
        1,
        null,
        2,
        2,
        null,
        null
      ],
      "/Users/evansagge/Projects/my-projects/support-hero-api/spec/routing/users_routes_spec.rb": [
        1,
        null,
        1,
        null,
        2,
        2,
        2,
        null,
        null
      ],
      "/Users/evansagge/Projects/my-projects/support-hero-api/spec/serializers/support_schedule_serializer_spec.rb": [
        1,
        null,
        1,
        2,
        2,
        null,
        1,
        null,
        null,
        null,
        null,
        null,
        null,
        1,
        null,
        null,
        1,
        1,
        null,
        null
      ],
      "/Users/evansagge/Projects/my-projects/support-hero-api/app/serializers/support_schedule_serializer.rb": [
        1,
        1,
        null,
        1,
        null,
        1,
        null,
        1,
        null
      ],
      "/Users/evansagge/Projects/my-projects/support-hero-api/app/serializers/application_serializer.rb": [
        1,
        null
      ],
      "/Users/evansagge/Projects/my-projects/support-hero-api/spec/serializers/user_serializer_spec.rb": [
        1,
        null,
        1,
        2,
        2,
        null,
        1,
        null,
        null,
        null,
        1,
        null,
        null,
        1,
        1,
        null,
        null
      ],
      "/Users/evansagge/Projects/my-projects/support-hero-api/app/serializers/user_serializer.rb": [
        1,
        1,
        null
      ],
      "/Users/evansagge/Projects/my-projects/support-hero-api/spec/services/support_schedule_list_spec.rb": [
        1,
        null,
        1,
        6,
        6,
        6,
        6,
        null,
        1,
        1,
        2,
        null,
        1,
        null,
        null,
        1,
        3,
        null,
        null,
        1,
        1,
        1,
        15,
        15,
        null,
        15,
        15,
        15,
        15,
        15,
        null,
        null,
        null,
        null,
        1,
        2,
        1,
        null,
        2,
        null,
        1,
        null,
        null,
        1,
        3,
        null,
        null,
        1,
        1,
        1,
        4,
        4,
        4,
        4,
        4,
        4,
        4,
        null,
        null,
        null,
        null,
        null,
        1,
        1,
        2,
        2,
        null,
        1,
        1,
        1,
        1,
        1,
        1,
        null,
        null,
        null,
        1,
        2,
        2,
        null,
        1,
        null,
        1,
        1,
        1,
        1,
        1,
        null,
        null,
        null,
        null,
        1,
        2,
        null,
        1,
        1,
        null,
        null,
        null
      ],
      "/Users/evansagge/Projects/my-projects/support-hero-api/app/services/support_schedule_list.rb": [
        1,
        1,
        null,
        1,
        null,
        1,
        null,
        1,
        5,
        null,
        null,
        1,
        2,
        null,
        2,
        null,
        null,
        1,
        32,
        null,
        32,
        206,
        32,
        null,
        null,
        1,
        103,
        null,
        null,
        1,
        null,
        1,
        2,
        null,
        2,
        52,
        null,
        30,
        30,
        2,
        null,
        null,
        1,
        32,
        32,
        null,
        null,
        1,
        32,
        24,
        null,
        null,
        null,
        1,
        36,
        null,
        null,
        1,
        32,
        null,
        null
      ],
      "/Users/evansagge/Projects/my-projects/support-hero-api/spec/fabricators/support_order_fabricator.rb": [
        1,
        1,
        1,
        6,
        6,
        6,
        60,
        null,
        null,
        null,
        null,
        null,
        null,
        null,
        null,
        null,
        1,
        1,
        1,
        null
      ],
      "/Users/evansagge/Projects/my-projects/support-hero-api/spec/fabricators/support_schedule_fabricator.rb": [
        1,
        1,
        1,
        1,
        28,
        28,
        28,
        28,
        null,
        null,
        null
      ],
      "/Users/evansagge/Projects/my-projects/support-hero-api/spec/fabricators/user_fabricator.rb": [
        1,
        78,
        null
      ]
    },
    "timestamp": 1414018902
  }
}
